[2024-06-08 16:43:27] Storing files in experiments/Crnn2/2024-06-08_16-43-06_2cebf77a257311efb1255cff35c18842
[2024-06-08 16:43:27] batch_size: 64
[2024-06-08 16:43:27] data:
[2024-06-08 16:43:27]   class_indice_file: data/metadata/class_label_indices.txt
[2024-06-08 16:43:27]   feature: data/dev/feature.csv
[2024-06-08 16:43:27]   label: data/dev/label.csv
[2024-06-08 16:43:27]   stratified: true
[2024-06-08 16:43:27] dataloader_args:
[2024-06-08 16:43:27]   batch_size: 64
[2024-06-08 16:43:27]   num_workers: 1
[2024-06-08 16:43:27] early_stop: 7
[2024-06-08 16:43:27] epochs: 100
[2024-06-08 16:43:27] eval_data:
[2024-06-08 16:43:27]   feature: data/eval/feature.csv
[2024-06-08 16:43:27]   label: data/eval/label.csv
[2024-06-08 16:43:27] loss: BceLoss
[2024-06-08 16:43:27] model:
[2024-06-08 16:43:27]   args: {}
[2024-06-08 16:43:27]   type: Crnn2
[2024-06-08 16:43:27] num_workers: 2
[2024-06-08 16:43:27] optimizer:
[2024-06-08 16:43:27]   args:
[2024-06-08 16:43:27]     lr: 0.001
[2024-06-08 16:43:27]   type: AdamW
[2024-06-08 16:43:27] outputpath: experiments/
[2024-06-08 16:43:27] scheduler_args:
[2024-06-08 16:43:27]   factor: 0.1
[2024-06-08 16:43:27]   patience: 3
[2024-06-08 16:43:27] 
[2024-06-08 16:43:27] Running on device cuda
[2024-06-08 16:43:29] AdamW (
[2024-06-08 16:43:29] Parameter Group 0
[2024-06-08 16:43:29]     amsgrad: False
[2024-06-08 16:43:29]     betas: (0.9, 0.999)
[2024-06-08 16:43:29]     capturable: False
[2024-06-08 16:43:29]     differentiable: False
[2024-06-08 16:43:29]     eps: 1e-08
[2024-06-08 16:43:29]     foreach: None
[2024-06-08 16:43:29]     fused: None
[2024-06-08 16:43:29]     lr: 0.001
[2024-06-08 16:43:29]     maximize: False
[2024-06-08 16:43:29]     weight_decay: 0.01
[2024-06-08 16:43:29] )
[2024-06-08 16:43:29] Crnn2(
[2024-06-08 16:43:29]   (bn0): BatchNorm2d(64, eps=1e-05, momentum=0.1, affine=True, track_running_stats=True)
[2024-06-08 16:43:29]   (bn1): BatchNorm2d(16, eps=1e-05, momentum=0.1, affine=True, track_running_stats=True)
[2024-06-08 16:43:29]   (bn2): BatchNorm2d(32, eps=1e-05, momentum=0.1, affine=True, track_running_stats=True)
[2024-06-08 16:43:29]   (bn3): BatchNorm2d(64, eps=1e-05, momentum=0.1, affine=True, track_running_stats=True)
[2024-06-08 16:43:29]   (bn4): BatchNorm2d(128, eps=1e-05, momentum=0.1, affine=True, track_running_stats=True)
[2024-06-08 16:43:29]   (bn5): BatchNorm2d(256, eps=1e-05, momentum=0.1, affine=True, track_running_stats=True)
[2024-06-08 16:43:29]   (conv1): Conv2d(1, 16, kernel_size=(3, 3), stride=(1, 1), padding=(1, 1), bias=False)
[2024-06-08 16:43:29]   (conv2): Conv2d(16, 32, kernel_size=(3, 3), stride=(1, 1), padding=(1, 1), bias=False)
[2024-06-08 16:43:29]   (conv3): Conv2d(32, 64, kernel_size=(3, 3), stride=(1, 1), padding=(1, 1), bias=False)
[2024-06-08 16:43:29]   (conv4): Conv2d(64, 128, kernel_size=(3, 3), stride=(1, 1), padding=(1, 1), bias=False)
[2024-06-08 16:43:29]   (conv5): Conv2d(128, 256, kernel_size=(3, 3), stride=(1, 1), padding=(1, 1), bias=False)
[2024-06-08 16:43:29]   (bigru): GRU(512, 128, batch_first=True, bidirectional=True)
[2024-06-08 16:43:29]   (fc): Linear(in_features=256, out_features=10, bias=True)
[2024-06-08 16:43:29]   (relu): ReLU()
[2024-06-08 16:43:29] )
[2024-06-08 16:43:35] Epoch 1   training_loss: 0.35  val_loss: 0.40  precision: 0.13  recall: 0.03  f1: 0.04
[2024-06-08 16:43:37] Epoch 2   training_loss: 0.29  val_loss: 0.29  precision: 0.28  recall: 0.14  f1: 0.18
[2024-06-08 16:43:39] Epoch 3   training_loss: 0.24  val_loss: 0.25  precision: 0.52  recall: 0.24  f1: 0.29
[2024-06-08 16:43:42] Epoch 4   training_loss: 0.22  val_loss: 0.24  precision: 0.65  recall: 0.30  f1: 0.35
[2024-06-08 16:43:44] Epoch 5   training_loss: 0.20  val_loss: 0.20  precision: 0.71  recall: 0.46  f1: 0.53
[2024-06-08 16:43:46] Epoch 6   training_loss: 0.18  val_loss: 0.19  precision: 0.81  recall: 0.53  f1: 0.59
[2024-06-08 16:43:48] Epoch 7   training_loss: 0.16  val_loss: 0.20  precision: 0.76  recall: 0.48  f1: 0.55
[2024-06-08 16:43:51] Epoch 8   training_loss: 0.15  val_loss: 0.19  precision: 0.79  recall: 0.58  f1: 0.66
[2024-06-08 16:43:53] Epoch 9   training_loss: 0.14  val_loss: 0.20  precision: 0.76  recall: 0.61  f1: 0.66
[2024-06-08 16:43:55] Epoch 10   training_loss: 0.13  val_loss: 0.17  precision: 0.83  recall: 0.61  f1: 0.69
[2024-06-08 16:43:58] Epoch 11   training_loss: 0.11  val_loss: 0.20  precision: 0.73  recall: 0.61  f1: 0.64
[2024-06-08 16:44:00] Epoch 12   training_loss: 0.11  val_loss: 0.16  precision: 0.84  recall: 0.64  f1: 0.71
[2024-06-08 16:44:02] Epoch 13   training_loss: 0.11  val_loss: 0.20  precision: 0.82  recall: 0.63  f1: 0.69
[2024-06-08 16:44:04] Epoch 14   training_loss: 0.10  val_loss: 0.16  precision: 0.84  recall: 0.69  f1: 0.74
[2024-06-08 16:44:06] Epoch 15   training_loss: 0.09  val_loss: 0.19  precision: 0.86  recall: 0.63  f1: 0.71
[2024-06-08 16:44:08] Epoch 16   training_loss: 0.09  val_loss: 0.16  precision: 0.79  recall: 0.69  f1: 0.72
[2024-06-08 16:44:10] Epoch 17   training_loss: 0.07  val_loss: 0.20  precision: 0.75  recall: 0.58  f1: 0.64
[2024-06-08 16:44:13] Epoch 18   training_loss: 0.07  val_loss: 0.16  precision: 0.78  recall: 0.77  f1: 0.77
[2024-06-08 16:44:15] Epoch 19   training_loss: 0.07  val_loss: 0.15  precision: 0.83  recall: 0.71  f1: 0.75
[2024-06-08 16:44:17] Epoch 20   training_loss: 0.07  val_loss: 0.18  precision: 0.82  recall: 0.66  f1: 0.71
[2024-06-08 16:44:20] Epoch 21   training_loss: 0.06  val_loss: 0.14  precision: 0.86  recall: 0.71  f1: 0.75
[2024-06-08 16:44:22] Epoch 22   training_loss: 0.05  val_loss: 0.17  precision: 0.79  recall: 0.73  f1: 0.75
[2024-06-08 16:44:24] Epoch 23   training_loss: 0.05  val_loss: 0.17  precision: 0.85  recall: 0.74  f1: 0.78
[2024-06-08 16:44:26] Epoch 24   training_loss: 0.05  val_loss: 0.20  precision: 0.81  recall: 0.66  f1: 0.71
[2024-06-08 16:44:28] Epoch 25   training_loss: 0.05  val_loss: 0.20  precision: 0.78  recall: 0.70  f1: 0.70
[2024-06-08 16:44:30] Epoch 26   training_loss: 0.03  val_loss: 0.16  precision: 0.80  recall: 0.72  f1: 0.75
[2024-06-08 16:44:33] Epoch 27   training_loss: 0.03  val_loss: 0.16  precision: 0.79  recall: 0.73  f1: 0.75
[2024-06-08 16:44:35] Epoch 28   training_loss: 0.03  val_loss: 0.17  precision: 0.79  recall: 0.73  f1: 0.75
