[2024-06-05 00:22:43] ---------------------------------------------------------------------------------------------------
[2024-06-05 00:22:43] | epoch   1 | time: 87.88s | training loss  1.34 |
[2024-06-05 00:22:44] | epoch   1 | time:  1.23s | cv loss  0.86 | cv accuracy:  0.76 |
[2024-06-05 00:22:44] ---------------------------------------------------------------------------------------------------
[2024-06-05 00:22:55] ---------------------------------------------------------------------------------------------------
[2024-06-05 00:22:55] | epoch   2 | time: 10.77s | training loss  0.48 |
[2024-06-05 00:22:56] | epoch   2 | time:  1.18s | cv loss  0.61 | cv accuracy:  0.78 |
[2024-06-05 00:22:56] ---------------------------------------------------------------------------------------------------
[2024-06-05 00:23:06] ---------------------------------------------------------------------------------------------------
[2024-06-05 00:23:06] | epoch   3 | time: 10.13s | training loss  0.18 |
[2024-06-05 00:23:07] | epoch   3 | time:  1.20s | cv loss  0.51 | cv accuracy:  0.82 |
[2024-06-05 00:23:07] ---------------------------------------------------------------------------------------------------
[2024-06-05 00:23:19] ---------------------------------------------------------------------------------------------------
[2024-06-05 00:23:19] | epoch   4 | time: 11.24s | training loss  0.08 |
[2024-06-05 00:23:20] | epoch   4 | time:  1.23s | cv loss  0.51 | cv accuracy:  0.83 |
[2024-06-05 00:23:20] ---------------------------------------------------------------------------------------------------
[2024-06-05 00:23:30] ---------------------------------------------------------------------------------------------------
[2024-06-05 00:23:30] | epoch   5 | time: 10.30s | training loss  0.04 |
[2024-06-05 00:23:31] | epoch   5 | time:  1.16s | cv loss  0.52 | cv accuracy:  0.81 |
[2024-06-05 00:23:31] ---------------------------------------------------------------------------------------------------
[2024-06-05 00:23:41] ---------------------------------------------------------------------------------------------------
[2024-06-05 00:23:41] | epoch   6 | time: 10.17s | training loss  0.03 |
[2024-06-05 00:23:43] | epoch   6 | time:  1.29s | cv loss  0.51 | cv accuracy:  0.82 |
[2024-06-05 00:23:43] ---------------------------------------------------------------------------------------------------
[2024-06-05 00:23:53] ---------------------------------------------------------------------------------------------------
[2024-06-05 00:23:53] | epoch   7 | time:  9.82s | training loss  0.02 |
[2024-06-05 00:23:54] | epoch   7 | time:  1.24s | cv loss  0.55 | cv accuracy:  0.81 |
[2024-06-05 00:23:54] ---------------------------------------------------------------------------------------------------
[2024-06-05 00:24:04] ---------------------------------------------------------------------------------------------------
[2024-06-05 00:24:04] | epoch   8 | time: 10.54s | training loss  0.01 |
[2024-06-05 00:24:06] | epoch   8 | time:  1.19s | cv loss  0.55 | cv accuracy:  0.82 |
[2024-06-05 00:24:06] ---------------------------------------------------------------------------------------------------
[2024-06-05 00:24:16] ---------------------------------------------------------------------------------------------------
[2024-06-05 00:24:16] | epoch   9 | time: 10.01s | training loss  0.01 |
[2024-06-05 00:24:17] | epoch   9 | time:  1.20s | cv loss  0.63 | cv accuracy:  0.80 |
[2024-06-05 00:24:17] ---------------------------------------------------------------------------------------------------
[2024-06-05 00:24:27] ---------------------------------------------------------------------------------------------------
[2024-06-05 00:24:27] | epoch  10 | time: 10.16s | training loss  0.01 |
[2024-06-05 00:24:28] | epoch  10 | time:  1.28s | cv loss  0.56 | cv accuracy:  0.82 |
[2024-06-05 00:24:28] ---------------------------------------------------------------------------------------------------
[2024-06-05 00:24:39] ---------------------------------------------------------------------------------------------------
[2024-06-05 00:24:39] | epoch  11 | time: 10.55s | training loss  0.01 |
[2024-06-05 00:24:40] | epoch  11 | time:  1.23s | cv loss  0.57 | cv accuracy:  0.82 |
[2024-06-05 00:24:40] ---------------------------------------------------------------------------------------------------
[2024-06-05 00:24:50] ---------------------------------------------------------------------------------------------------
[2024-06-05 00:24:50] | epoch  12 | time: 10.12s | training loss  0.01 |
[2024-06-05 00:24:51] | epoch  12 | time:  1.22s | cv loss  0.56 | cv accuracy:  0.81 |
[2024-06-05 00:24:51] ---------------------------------------------------------------------------------------------------
[2024-06-05 00:25:01] ---------------------------------------------------------------------------------------------------
[2024-06-05 00:25:01] | epoch  13 | time:  9.97s | training loss  0.01 |
[2024-06-05 00:25:03] | epoch  13 | time:  1.16s | cv loss  0.59 | cv accuracy:  0.82 |
[2024-06-05 00:25:03] ---------------------------------------------------------------------------------------------------
[2024-06-05 00:25:13] ---------------------------------------------------------------------------------------------------
[2024-06-05 00:25:13] | epoch  14 | time:  9.95s | training loss  0.01 |
[2024-06-05 00:25:14] | epoch  14 | time:  1.19s | cv loss  0.57 | cv accuracy:  0.82 |
[2024-06-05 00:25:14] ---------------------------------------------------------------------------------------------------
[2024-06-05 00:25:24] ---------------------------------------------------------------------------------------------------
[2024-06-05 00:25:24] | epoch  15 | time: 10.06s | training loss  0.01 |
[2024-06-05 00:25:25] | epoch  15 | time:  1.30s | cv loss  0.57 | cv accuracy:  0.81 |
[2024-06-05 00:25:25] ---------------------------------------------------------------------------------------------------
[2024-06-05 00:25:35] ---------------------------------------------------------------------------------------------------
[2024-06-05 00:25:35] | epoch  16 | time: 10.15s | training loss  0.01 |
[2024-06-05 00:25:37] | epoch  16 | time:  1.29s | cv loss  0.60 | cv accuracy:  0.81 |
[2024-06-05 00:25:37] ---------------------------------------------------------------------------------------------------
[2024-06-05 00:25:46] ---------------------------------------------------------------------------------------------------
[2024-06-05 00:25:46] | epoch  17 | time:  9.89s | training loss  0.01 |
[2024-06-05 00:25:48] | epoch  17 | time:  1.24s | cv loss  0.57 | cv accuracy:  0.81 |
[2024-06-05 00:25:48] ---------------------------------------------------------------------------------------------------
[2024-06-05 00:25:58] ---------------------------------------------------------------------------------------------------
[2024-06-05 00:25:58] | epoch  18 | time: 10.55s | training loss  0.01 |
[2024-06-05 00:25:59] | epoch  18 | time:  1.17s | cv loss  0.58 | cv accuracy:  0.81 |
[2024-06-05 00:25:59] ---------------------------------------------------------------------------------------------------
[2024-06-05 00:26:10] ---------------------------------------------------------------------------------------------------
[2024-06-05 00:26:10] | epoch  19 | time: 10.06s | training loss  0.01 |
[2024-06-05 00:26:11] | epoch  19 | time:  1.28s | cv loss  0.58 | cv accuracy:  0.82 |
[2024-06-05 00:26:11] ---------------------------------------------------------------------------------------------------
[2024-06-05 00:26:22] ---------------------------------------------------------------------------------------------------
[2024-06-05 00:26:22] | epoch  20 | time: 10.86s | training loss  0.01 |
[2024-06-05 00:26:23] | epoch  20 | time:  1.14s | cv loss  0.58 | cv accuracy:  0.81 |
[2024-06-05 00:26:23] ---------------------------------------------------------------------------------------------------
[2024-06-05 00:26:33] ---------------------------------------------------------------------------------------------------
[2024-06-05 00:26:33] | epoch  21 | time: 10.63s | training loss  0.01 |
[2024-06-05 00:26:35] | epoch  21 | time:  1.25s | cv loss  0.59 | cv accuracy:  0.81 |
[2024-06-05 00:26:35] ---------------------------------------------------------------------------------------------------
[2024-06-05 00:26:45] ---------------------------------------------------------------------------------------------------
[2024-06-05 00:26:45] | epoch  22 | time: 10.43s | training loss  0.01 |
[2024-06-05 00:26:46] | epoch  22 | time:  1.20s | cv loss  0.58 | cv accuracy:  0.81 |
[2024-06-05 00:26:46] ---------------------------------------------------------------------------------------------------
[2024-06-05 00:26:57] ---------------------------------------------------------------------------------------------------
[2024-06-05 00:26:57] | epoch  23 | time: 10.38s | training loss  0.01 |
[2024-06-05 00:26:58] | epoch  23 | time:  1.26s | cv loss  0.59 | cv accuracy:  0.81 |
[2024-06-05 00:26:58] ---------------------------------------------------------------------------------------------------
[2024-06-05 00:27:08] ---------------------------------------------------------------------------------------------------
[2024-06-05 00:27:08] | epoch  24 | time: 10.39s | training loss  0.01 |
[2024-06-05 00:27:10] | epoch  24 | time:  1.23s | cv loss  0.59 | cv accuracy:  0.81 |
[2024-06-05 00:27:10] ---------------------------------------------------------------------------------------------------
[2024-06-05 00:27:20] ---------------------------------------------------------------------------------------------------
[2024-06-05 00:27:20] | epoch  25 | time:  9.89s | training loss  0.01 |
[2024-06-05 00:27:21] | epoch  25 | time:  1.18s | cv loss  0.59 | cv accuracy:  0.81 |
[2024-06-05 00:27:21] ---------------------------------------------------------------------------------------------------
[2024-06-05 00:27:31] ---------------------------------------------------------------------------------------------------
[2024-06-05 00:27:31] | epoch  26 | time: 10.42s | training loss  0.01 |
[2024-06-05 00:27:32] | epoch  26 | time:  1.26s | cv loss  0.59 | cv accuracy:  0.81 |
[2024-06-05 00:27:32] ---------------------------------------------------------------------------------------------------
