[2024-06-04 23:30:57] ---------------------------------------------------------------------------------------------------
[2024-06-04 23:30:57] | epoch   1 | time: 91.94s | training loss  1.40 |
[2024-06-04 23:30:58] | epoch   1 | time:  1.24s | cv loss  0.85 | cv accuracy:  0.72 |
[2024-06-04 23:30:58] ---------------------------------------------------------------------------------------------------
[2024-06-04 23:31:09] ---------------------------------------------------------------------------------------------------
[2024-06-04 23:31:09] | epoch   2 | time: 10.92s | training loss  0.55 |
[2024-06-04 23:31:10] | epoch   2 | time:  1.34s | cv loss  0.59 | cv accuracy:  0.77 |
[2024-06-04 23:31:10] ---------------------------------------------------------------------------------------------------
[2024-06-04 23:31:21] ---------------------------------------------------------------------------------------------------
[2024-06-04 23:31:21] | epoch   3 | time: 11.06s | training loss  0.28 |
[2024-06-04 23:31:23] | epoch   3 | time:  1.32s | cv loss  0.49 | cv accuracy:  0.78 |
[2024-06-04 23:31:23] ---------------------------------------------------------------------------------------------------
[2024-06-04 23:31:34] ---------------------------------------------------------------------------------------------------
[2024-06-04 23:31:34] | epoch   4 | time: 11.52s | training loss  0.15 |
[2024-06-04 23:31:36] | epoch   4 | time:  1.29s | cv loss  0.49 | cv accuracy:  0.78 |
[2024-06-04 23:31:36] ---------------------------------------------------------------------------------------------------
[2024-06-04 23:31:47] ---------------------------------------------------------------------------------------------------
[2024-06-04 23:31:47] | epoch   5 | time: 11.05s | training loss  0.08 |
[2024-06-04 23:31:48] | epoch   5 | time:  1.42s | cv loss  0.47 | cv accuracy:  0.80 |
[2024-06-04 23:31:48] ---------------------------------------------------------------------------------------------------
[2024-06-04 23:31:59] ---------------------------------------------------------------------------------------------------
[2024-06-04 23:31:59] | epoch   6 | time: 11.17s | training loss  0.05 |
[2024-06-04 23:32:01] | epoch   6 | time:  1.29s | cv loss  0.48 | cv accuracy:  0.79 |
[2024-06-04 23:32:01] ---------------------------------------------------------------------------------------------------
[2024-06-04 23:32:13] ---------------------------------------------------------------------------------------------------
[2024-06-04 23:32:13] | epoch   7 | time: 12.09s | training loss  0.03 |
[2024-06-04 23:32:14] | epoch   7 | time:  1.40s | cv loss  0.49 | cv accuracy:  0.80 |
[2024-06-04 23:32:14] ---------------------------------------------------------------------------------------------------
[2024-06-04 23:32:25] ---------------------------------------------------------------------------------------------------
[2024-06-04 23:32:25] | epoch   8 | time: 11.19s | training loss  0.02 |
[2024-06-04 23:32:27] | epoch   8 | time:  1.42s | cv loss  0.53 | cv accuracy:  0.79 |
[2024-06-04 23:32:27] ---------------------------------------------------------------------------------------------------
[2024-06-04 23:32:39] ---------------------------------------------------------------------------------------------------
[2024-06-04 23:32:39] | epoch   9 | time: 11.84s | training loss  0.02 |
[2024-06-04 23:32:40] | epoch   9 | time:  1.18s | cv loss  0.51 | cv accuracy:  0.80 |
[2024-06-04 23:32:40] ---------------------------------------------------------------------------------------------------
[2024-06-04 23:32:51] ---------------------------------------------------------------------------------------------------
[2024-06-04 23:32:51] | epoch  10 | time: 11.31s | training loss  0.01 |
[2024-06-04 23:32:53] | epoch  10 | time:  1.35s | cv loss  0.52 | cv accuracy:  0.80 |
[2024-06-04 23:32:53] ---------------------------------------------------------------------------------------------------
[2024-06-04 23:33:04] ---------------------------------------------------------------------------------------------------
[2024-06-04 23:33:04] | epoch  11 | time: 11.62s | training loss  0.01 |
[2024-06-04 23:33:05] | epoch  11 | time:  1.33s | cv loss  0.51 | cv accuracy:  0.81 |
[2024-06-04 23:33:05] ---------------------------------------------------------------------------------------------------
[2024-06-04 23:33:16] ---------------------------------------------------------------------------------------------------
[2024-06-04 23:33:16] | epoch  12 | time: 10.43s | training loss  0.01 |
[2024-06-04 23:33:17] | epoch  12 | time:  1.37s | cv loss  0.51 | cv accuracy:  0.81 |
[2024-06-04 23:33:17] ---------------------------------------------------------------------------------------------------
[2024-06-04 23:33:28] ---------------------------------------------------------------------------------------------------
[2024-06-04 23:33:28] | epoch  13 | time: 11.04s | training loss  0.01 |
[2024-06-04 23:33:30] | epoch  13 | time:  1.19s | cv loss  0.52 | cv accuracy:  0.80 |
[2024-06-04 23:33:30] ---------------------------------------------------------------------------------------------------
[2024-06-04 23:33:41] ---------------------------------------------------------------------------------------------------
[2024-06-04 23:33:41] | epoch  14 | time: 10.98s | training loss  0.01 |
[2024-06-04 23:33:42] | epoch  14 | time:  1.34s | cv loss  0.51 | cv accuracy:  0.80 |
[2024-06-04 23:33:42] ---------------------------------------------------------------------------------------------------
[2024-06-04 23:33:53] ---------------------------------------------------------------------------------------------------
[2024-06-04 23:33:53] | epoch  15 | time: 10.76s | training loss  0.01 |
[2024-06-04 23:33:54] | epoch  15 | time:  1.30s | cv loss  0.51 | cv accuracy:  0.81 |
[2024-06-04 23:33:54] ---------------------------------------------------------------------------------------------------
[2024-06-04 23:34:05] ---------------------------------------------------------------------------------------------------
[2024-06-04 23:34:05] | epoch  16 | time: 10.73s | training loss  0.01 |
[2024-06-04 23:34:06] | epoch  16 | time:  1.32s | cv loss  0.53 | cv accuracy:  0.80 |
[2024-06-04 23:34:06] ---------------------------------------------------------------------------------------------------
[2024-06-04 23:34:17] ---------------------------------------------------------------------------------------------------
[2024-06-04 23:34:17] | epoch  17 | time: 11.13s | training loss  0.01 |
[2024-06-04 23:34:18] | epoch  17 | time:  1.31s | cv loss  0.52 | cv accuracy:  0.80 |
[2024-06-04 23:34:18] ---------------------------------------------------------------------------------------------------
[2024-06-04 23:34:30] ---------------------------------------------------------------------------------------------------
[2024-06-04 23:34:30] | epoch  18 | time: 11.41s | training loss  0.01 |
[2024-06-04 23:34:31] | epoch  18 | time:  1.31s | cv loss  0.52 | cv accuracy:  0.80 |
[2024-06-04 23:34:31] ---------------------------------------------------------------------------------------------------
[2024-06-04 23:34:42] ---------------------------------------------------------------------------------------------------
[2024-06-04 23:34:42] | epoch  19 | time: 10.62s | training loss  0.01 |
[2024-06-04 23:34:43] | epoch  19 | time:  1.25s | cv loss  0.51 | cv accuracy:  0.80 |
[2024-06-04 23:34:43] ---------------------------------------------------------------------------------------------------
[2024-06-04 23:34:55] ---------------------------------------------------------------------------------------------------
[2024-06-04 23:34:55] | epoch  20 | time: 12.06s | training loss  0.01 |
[2024-06-04 23:34:57] | epoch  20 | time:  1.34s | cv loss  0.52 | cv accuracy:  0.81 |
[2024-06-04 23:34:57] ---------------------------------------------------------------------------------------------------
[2024-06-04 23:35:09] ---------------------------------------------------------------------------------------------------
[2024-06-04 23:35:09] | epoch  21 | time: 12.31s | training loss  0.01 |
[2024-06-04 23:35:10] | epoch  21 | time:  1.36s | cv loss  0.51 | cv accuracy:  0.81 |
[2024-06-04 23:35:10] ---------------------------------------------------------------------------------------------------
[2024-06-04 23:35:22] ---------------------------------------------------------------------------------------------------
[2024-06-04 23:35:22] | epoch  22 | time: 11.43s | training loss  0.01 |
[2024-06-04 23:35:23] | epoch  22 | time:  1.32s | cv loss  0.52 | cv accuracy:  0.80 |
[2024-06-04 23:35:23] ---------------------------------------------------------------------------------------------------
[2024-06-04 23:35:34] ---------------------------------------------------------------------------------------------------
[2024-06-04 23:35:34] | epoch  23 | time: 10.73s | training loss  0.01 |
[2024-06-04 23:35:35] | epoch  23 | time:  1.37s | cv loss  0.52 | cv accuracy:  0.80 |
[2024-06-04 23:35:35] ---------------------------------------------------------------------------------------------------
[2024-06-04 23:35:46] ---------------------------------------------------------------------------------------------------
[2024-06-04 23:35:46] | epoch  24 | time: 11.04s | training loss  0.01 |
[2024-06-04 23:35:47] | epoch  24 | time:  1.29s | cv loss  0.52 | cv accuracy:  0.80 |
[2024-06-04 23:35:47] ---------------------------------------------------------------------------------------------------
[2024-06-04 23:35:59] ---------------------------------------------------------------------------------------------------
[2024-06-04 23:35:59] | epoch  25 | time: 11.29s | training loss  0.01 |
[2024-06-04 23:36:00] | epoch  25 | time:  1.31s | cv loss  0.52 | cv accuracy:  0.81 |
[2024-06-04 23:36:00] ---------------------------------------------------------------------------------------------------
