Finish loading indexes
Finish loading indexes
MeanConcatDense(
  (audio_embed): Sequential(
    (0): Linear(in_features=512, out_features=512, bias=True)
    (1): BatchNorm1d(512, eps=1e-05, momentum=0.1, affine=True, track_running_stats=True)
    (2): ReLU()
    (3): Dropout(p=0.2, inplace=False)
    (4): Linear(in_features=512, out_features=128, bias=True)
  )
  (video_embed): Sequential(
    (0): Linear(in_features=512, out_features=512, bias=True)
    (1): BatchNorm1d(512, eps=1e-05, momentum=0.1, affine=True, track_running_stats=True)
    (2): ReLU()
    (3): Dropout(p=0.2, inplace=False)
    (4): Linear(in_features=512, out_features=128, bias=True)
  )
  (outputlayer): Sequential(
    (0): Linear(in_features=256, out_features=128, bias=True)
    (1): Linear(in_features=128, out_features=10, bias=True)
  )
  (early_output): Sequential(
    (0): Linear(in_features=1024, out_features=1024, bias=True)
    (1): BatchNorm1d(1024, eps=1e-05, momentum=0.1, affine=True, track_running_stats=True)
    (2): ReLU()
    (3): Dropout(p=0.2, inplace=False)
    (4): Linear(in_features=1024, out_features=512, bias=True)
    (5): BatchNorm1d(512, eps=1e-05, momentum=0.1, affine=True, track_running_stats=True)
    (6): ReLU()
    (7): Dropout(p=0.2, inplace=False)
    (8): Linear(in_features=512, out_features=256, bias=True)
    (9): BatchNorm1d(256, eps=1e-05, momentum=0.1, affine=True, track_running_stats=True)
    (10): ReLU()
    (11): Dropout(p=0.2, inplace=False)
    (12): Linear(in_features=256, out_features=128, bias=True)
    (13): Linear(in_features=128, out_features=10, bias=True)
  )
  (audio_output): Sequential(
    (0): Linear(in_features=128, out_features=128, bias=True)
    (1): Linear(in_features=128, out_features=10, bias=True)
  )
  (video_output): Sequential(
    (0): Linear(in_features=128, out_features=128, bias=True)
    (1): Linear(in_features=128, out_features=10, bias=True)
  )
)
-----------start training-----------
epoch 1
---------------------------------------------------------------------------------------------------
epoch 1 training loss:  1.403492562232479 cv loss:  0.8534979124863943
best validation model found and saved.
---------------------------------------------------------------------------------------------------
epoch 2
---------------------------------------------------------------------------------------------------
epoch 2 training loss:  0.5548902014570851 cv loss:  0.5898906836907069
best validation model found and saved.
---------------------------------------------------------------------------------------------------
epoch 3
---------------------------------------------------------------------------------------------------
epoch 3 training loss:  0.27585715175636355 cv loss:  0.49138132979472476
best validation model found and saved.
---------------------------------------------------------------------------------------------------
epoch 4
---------------------------------------------------------------------------------------------------
epoch 4 training loss:  0.14596831966792384 cv loss:  0.4947557896375656
epoch 5
---------------------------------------------------------------------------------------------------
epoch 5 training loss:  0.08315342598624768 cv loss:  0.46647975593805313
best validation model found and saved.
---------------------------------------------------------------------------------------------------
epoch 6
---------------------------------------------------------------------------------------------------
epoch 6 training loss:  0.04983809322959954 cv loss:  0.4822203839818637
epoch 7
---------------------------------------------------------------------------------------------------
epoch 7 training loss:  0.03209587264685861 cv loss:  0.4874583072960377
epoch 8
---------------------------------------------------------------------------------------------------
epoch 8 training loss:  0.02180998924098188 cv loss:  0.5275211110711098
epoch 9
---------------------------------------------------------------------------------------------------
epoch 9 training loss:  0.015863326077740037 cv loss:  0.5128037333488464
epoch 10
---------------------------------------------------------------------------------------------------
epoch 10 training loss:  0.012837784530054177 cv loss:  0.5194007400423288
epoch 11
---------------------------------------------------------------------------------------------------
epoch 11 training loss:  0.011950056361515195 cv loss:  0.5145352172354857
epoch 12
---------------------------------------------------------------------------------------------------
epoch 12 training loss:  0.011629173795001642 cv loss:  0.5132488738745451
epoch 13
---------------------------------------------------------------------------------------------------
epoch 13 training loss:  0.011297217465095943 cv loss:  0.5169479660689831
epoch 14
---------------------------------------------------------------------------------------------------
epoch 14 training loss:  0.010946306099574412 cv loss:  0.5126232368250688
epoch 15
---------------------------------------------------------------------------------------------------
epoch 15 training loss:  0.010920017078939465 cv loss:  0.5119115406026443
epoch 16
---------------------------------------------------------------------------------------------------
epoch 16 training loss:  0.01072704451038472 cv loss:  0.5266331688811382
epoch 17
---------------------------------------------------------------------------------------------------
epoch 17 training loss:  0.010756169535940694 cv loss:  0.5194036172082027
epoch 18
---------------------------------------------------------------------------------------------------
epoch 18 training loss:  0.010828120048127828 cv loss:  0.5188151678691307
epoch 19
---------------------------------------------------------------------------------------------------
epoch 19 training loss:  0.010637396841400092 cv loss:  0.5147178477297226
epoch 20
---------------------------------------------------------------------------------------------------
epoch 20 training loss:  0.010705061159246871 cv loss:  0.5163542870432138
epoch 21
---------------------------------------------------------------------------------------------------
epoch 21 training loss:  0.010602273715419634 cv loss:  0.5141565694163243
epoch 22
---------------------------------------------------------------------------------------------------
epoch 22 training loss:  0.010595282397022652 cv loss:  0.5217675864696503
epoch 23
---------------------------------------------------------------------------------------------------
epoch 23 training loss:  0.010801441156335415 cv loss:  0.5244821490099033
epoch 24
---------------------------------------------------------------------------------------------------
epoch 24 training loss:  0.011241403566072545 cv loss:  0.520217132444183
epoch 25
---------------------------------------------------------------------------------------------------
epoch 25 training loss:  0.010820806627312014 cv loss:  0.5159427498777708
Finish loading indexes
