Finish loading indexes
Finish loading indexes
MeanConcatDense(
  (audio_embed): Sequential(
    (0): Linear(in_features=512, out_features=512, bias=True)
    (1): BatchNorm1d(512, eps=1e-05, momentum=0.1, affine=True, track_running_stats=True)
    (2): ReLU()
    (3): Dropout(p=0.2, inplace=False)
    (4): Linear(in_features=512, out_features=128, bias=True)
  )
  (video_embed): Sequential(
    (0): Linear(in_features=512, out_features=512, bias=True)
    (1): BatchNorm1d(512, eps=1e-05, momentum=0.1, affine=True, track_running_stats=True)
    (2): ReLU()
    (3): Dropout(p=0.2, inplace=False)
    (4): Linear(in_features=512, out_features=128, bias=True)
  )
  (outputlayer): Sequential(
    (0): Linear(in_features=256, out_features=128, bias=True)
    (1): Linear(in_features=128, out_features=10, bias=True)
  )
  (early_output): Sequential(
    (0): Linear(in_features=1024, out_features=1024, bias=True)
    (1): BatchNorm1d(1024, eps=1e-05, momentum=0.1, affine=True, track_running_stats=True)
    (2): ReLU()
    (3): Dropout(p=0.2, inplace=False)
    (4): Linear(in_features=1024, out_features=512, bias=True)
    (5): BatchNorm1d(512, eps=1e-05, momentum=0.1, affine=True, track_running_stats=True)
    (6): ReLU()
    (7): Dropout(p=0.2, inplace=False)
    (8): Linear(in_features=512, out_features=256, bias=True)
    (9): BatchNorm1d(256, eps=1e-05, momentum=0.1, affine=True, track_running_stats=True)
    (10): ReLU()
    (11): Dropout(p=0.2, inplace=False)
    (12): Linear(in_features=256, out_features=128, bias=True)
    (13): Linear(in_features=128, out_features=10, bias=True)
  )
  (audio_output): Sequential(
    (0): Linear(in_features=128, out_features=128, bias=True)
    (1): Linear(in_features=128, out_features=10, bias=True)
  )
  (video_output): Sequential(
    (0): Linear(in_features=128, out_features=128, bias=True)
    (1): Linear(in_features=128, out_features=10, bias=True)
  )
)
-----------start training-----------
epoch 1
---------------------------------------------------------------------------------------------------
epoch 1 training loss:  1.3426632217822536 cv loss:  0.8631416261196136
best validation model found and saved.
---------------------------------------------------------------------------------------------------
epoch 2
---------------------------------------------------------------------------------------------------
epoch 2 training loss:  0.480262037246458 cv loss:  0.6066940873861313
best validation model found and saved.
---------------------------------------------------------------------------------------------------
epoch 3
---------------------------------------------------------------------------------------------------
epoch 3 training loss:  0.1830009080229267 cv loss:  0.509893054763476
best validation model found and saved.
---------------------------------------------------------------------------------------------------
epoch 4
---------------------------------------------------------------------------------------------------
epoch 4 training loss:  0.0803809100461583 cv loss:  0.5116977045933405
epoch 5
---------------------------------------------------------------------------------------------------
epoch 5 training loss:  0.04336057768593873 cv loss:  0.5197235494852066
epoch 6
---------------------------------------------------------------------------------------------------
epoch 6 training loss:  0.02593087744448454 cv loss:  0.5089973124365011
best validation model found and saved.
---------------------------------------------------------------------------------------------------
epoch 7
---------------------------------------------------------------------------------------------------
epoch 7 training loss:  0.01821300244679855 cv loss:  0.5464502846201261
epoch 8
---------------------------------------------------------------------------------------------------
epoch 8 training loss:  0.014025004190062322 cv loss:  0.5521699326733748
epoch 9
---------------------------------------------------------------------------------------------------
epoch 9 training loss:  0.010285164845446426 cv loss:  0.6273842547088861
epoch 10
---------------------------------------------------------------------------------------------------
epoch 10 training loss:  0.007727248128503561 cv loss:  0.564257750287652
epoch 11
---------------------------------------------------------------------------------------------------
epoch 11 training loss:  0.006960148570097743 cv loss:  0.567352119833231
epoch 12
---------------------------------------------------------------------------------------------------
epoch 12 training loss:  0.007020510560382278 cv loss:  0.5638653306911389
epoch 13
---------------------------------------------------------------------------------------------------
epoch 13 training loss:  0.00647413365602974 cv loss:  0.58732027746737
epoch 14
---------------------------------------------------------------------------------------------------
epoch 14 training loss:  0.006104238947192507 cv loss:  0.5712641266485056
epoch 15
---------------------------------------------------------------------------------------------------
epoch 15 training loss:  0.0068847269135256925 cv loss:  0.5694795871774355
epoch 16
---------------------------------------------------------------------------------------------------
epoch 16 training loss:  0.006239670144784595 cv loss:  0.6013842448592186
epoch 17
---------------------------------------------------------------------------------------------------
epoch 17 training loss:  0.006548087630841521 cv loss:  0.5745864057292541
epoch 18
---------------------------------------------------------------------------------------------------
epoch 18 training loss:  0.006158337935865406 cv loss:  0.5815489708135525
epoch 19
---------------------------------------------------------------------------------------------------
epoch 19 training loss:  0.00624952100652961 cv loss:  0.5753312967717648
epoch 20
---------------------------------------------------------------------------------------------------
epoch 20 training loss:  0.006369224464100215 cv loss:  0.5816799079378446
epoch 21
---------------------------------------------------------------------------------------------------
epoch 21 training loss:  0.006564833805896342 cv loss:  0.5870134482781092
epoch 22
---------------------------------------------------------------------------------------------------
epoch 22 training loss:  0.006294498847226703 cv loss:  0.5800033211708069
epoch 23
---------------------------------------------------------------------------------------------------
epoch 23 training loss:  0.006343133935344315 cv loss:  0.5918045298506817
epoch 24
---------------------------------------------------------------------------------------------------
epoch 24 training loss:  0.00650105363644299 cv loss:  0.5900277849286795
epoch 25
---------------------------------------------------------------------------------------------------
epoch 25 training loss:  0.006479320266554432 cv loss:  0.5859787551065286
epoch 26
---------------------------------------------------------------------------------------------------
epoch 26 training loss:  0.00661987688903126 cv loss:  0.5868492281685272
Finish loading indexes
