Finish loading indexes
Finish loading indexes
MeanConcatDense(
  (audio_embed): Sequential(
    (0): Linear(in_features=512, out_features=512, bias=True)
    (1): BatchNorm1d(512, eps=1e-05, momentum=0.1, affine=True, track_running_stats=True)
    (2): ReLU()
    (3): Dropout(p=0.2, inplace=False)
    (4): Linear(in_features=512, out_features=128, bias=True)
  )
  (video_embed): Sequential(
    (0): Linear(in_features=512, out_features=512, bias=True)
    (1): BatchNorm1d(512, eps=1e-05, momentum=0.1, affine=True, track_running_stats=True)
    (2): ReLU()
    (3): Dropout(p=0.2, inplace=False)
    (4): Linear(in_features=512, out_features=128, bias=True)
  )
  (outputlayer): Sequential(
    (0): Linear(in_features=256, out_features=128, bias=True)
    (1): Linear(in_features=128, out_features=10, bias=True)
  )
  (early_output): Sequential(
    (0): Linear(in_features=1024, out_features=1024, bias=True)
    (1): BatchNorm1d(1024, eps=1e-05, momentum=0.1, affine=True, track_running_stats=True)
    (2): ReLU()
    (3): Dropout(p=0.2, inplace=False)
    (4): Linear(in_features=1024, out_features=512, bias=True)
    (5): BatchNorm1d(512, eps=1e-05, momentum=0.1, affine=True, track_running_stats=True)
    (6): ReLU()
    (7): Dropout(p=0.2, inplace=False)
    (8): Linear(in_features=512, out_features=256, bias=True)
    (9): BatchNorm1d(256, eps=1e-05, momentum=0.1, affine=True, track_running_stats=True)
    (10): ReLU()
    (11): Dropout(p=0.2, inplace=False)
    (12): Linear(in_features=256, out_features=128, bias=True)
    (13): Linear(in_features=128, out_features=10, bias=True)
  )
  (audio_output): Sequential(
    (0): Linear(in_features=128, out_features=128, bias=True)
    (1): Linear(in_features=128, out_features=10, bias=True)
  )
  (video_output): Sequential(
    (0): Linear(in_features=128, out_features=128, bias=True)
    (1): Linear(in_features=128, out_features=10, bias=True)
  )
)
-----------start training-----------
epoch 1
---------------------------------------------------------------------------------------------------
epoch 1 training loss:  1.5718075037002563 cv loss:  1.0197955270608265
best validation model found and saved.
---------------------------------------------------------------------------------------------------
epoch 2
---------------------------------------------------------------------------------------------------
epoch 2 training loss:  0.7100274865665743 cv loss:  0.6526386092106501
best validation model found and saved.
---------------------------------------------------------------------------------------------------
epoch 3
---------------------------------------------------------------------------------------------------
epoch 3 training loss:  0.376255065202713 cv loss:  0.5150955046216646
best validation model found and saved.
---------------------------------------------------------------------------------------------------
epoch 4
---------------------------------------------------------------------------------------------------
epoch 4 training loss:  0.20866728381764504 cv loss:  0.4808771883447965
best validation model found and saved.
---------------------------------------------------------------------------------------------------
epoch 5
---------------------------------------------------------------------------------------------------
epoch 5 training loss:  0.11994525057173544 cv loss:  0.45492401470740634
best validation model found and saved.
---------------------------------------------------------------------------------------------------
epoch 6
---------------------------------------------------------------------------------------------------
epoch 6 training loss:  0.07125744163509339 cv loss:  0.4770151923100154
epoch 7
---------------------------------------------------------------------------------------------------
epoch 7 training loss:  0.04695653584935973 cv loss:  0.48502672215302783
epoch 8
---------------------------------------------------------------------------------------------------
epoch 8 training loss:  0.031392452246960134 cv loss:  0.5306051882604758
epoch 9
---------------------------------------------------------------------------------------------------
epoch 9 training loss:  0.02272021129066425 cv loss:  0.5230350736528635
epoch 10
---------------------------------------------------------------------------------------------------
epoch 10 training loss:  0.017626275143195546 cv loss:  0.5248492211103439
epoch 11
---------------------------------------------------------------------------------------------------
epoch 11 training loss:  0.01686558223539783 cv loss:  0.5208394353588423
epoch 12
---------------------------------------------------------------------------------------------------
epoch 12 training loss:  0.016437316313385963 cv loss:  0.5192866666863362
epoch 13
---------------------------------------------------------------------------------------------------
epoch 13 training loss:  0.01629692894376574 cv loss:  0.5218162884314855
epoch 14
---------------------------------------------------------------------------------------------------
epoch 14 training loss:  0.015831470279203307 cv loss:  0.5215114479263624
epoch 15
---------------------------------------------------------------------------------------------------
epoch 15 training loss:  0.01589839125893289 cv loss:  0.5180111651619276
epoch 16
---------------------------------------------------------------------------------------------------
epoch 16 training loss:  0.015165981070529069 cv loss:  0.5312548528114954
epoch 17
---------------------------------------------------------------------------------------------------
epoch 17 training loss:  0.015306104199900743 cv loss:  0.5251944524546465
epoch 18
---------------------------------------------------------------------------------------------------
epoch 18 training loss:  0.015060861444761675 cv loss:  0.5250641101350387
epoch 19
---------------------------------------------------------------------------------------------------
epoch 19 training loss:  0.015465748511374958 cv loss:  0.5203337433437506
epoch 20
---------------------------------------------------------------------------------------------------
epoch 20 training loss:  0.015519703708348735 cv loss:  0.5216735638678074
epoch 21
---------------------------------------------------------------------------------------------------
epoch 21 training loss:  0.015505355287102921 cv loss:  0.5181114872296652
epoch 22
---------------------------------------------------------------------------------------------------
epoch 22 training loss:  0.01505222003306112 cv loss:  0.528547220552961
epoch 23
---------------------------------------------------------------------------------------------------
epoch 23 training loss:  0.015200009449355064 cv loss:  0.5322970412671566
epoch 24
---------------------------------------------------------------------------------------------------
epoch 24 training loss:  0.015106593784425528 cv loss:  0.5264866116146246
epoch 25
---------------------------------------------------------------------------------------------------
epoch 25 training loss:  0.015338177056682686 cv loss:  0.5215921606868505
Finish loading indexes
