Finish loading indexes
Finish loading indexes
MeanConcatDense(
  (audio_embed): Sequential(
    (0): Linear(in_features=512, out_features=512, bias=True)
    (1): BatchNorm1d(512, eps=1e-05, momentum=0.1, affine=True, track_running_stats=True)
    (2): ReLU()
    (3): Dropout(p=0.2, inplace=False)
    (4): Linear(in_features=512, out_features=128, bias=True)
  )
  (video_embed): Sequential(
    (0): Linear(in_features=512, out_features=512, bias=True)
    (1): BatchNorm1d(512, eps=1e-05, momentum=0.1, affine=True, track_running_stats=True)
    (2): ReLU()
    (3): Dropout(p=0.2, inplace=False)
    (4): Linear(in_features=512, out_features=128, bias=True)
  )
  (outputlayer): Sequential(
    (0): Linear(in_features=256, out_features=128, bias=True)
    (1): Linear(in_features=128, out_features=10, bias=True)
  )
  (early_output): Sequential(
    (0): Linear(in_features=1024, out_features=1024, bias=True)
    (1): BatchNorm1d(1024, eps=1e-05, momentum=0.1, affine=True, track_running_stats=True)
    (2): ReLU()
    (3): Dropout(p=0.2, inplace=False)
    (4): Linear(in_features=1024, out_features=512, bias=True)
    (5): BatchNorm1d(512, eps=1e-05, momentum=0.1, affine=True, track_running_stats=True)
    (6): ReLU()
    (7): Dropout(p=0.2, inplace=False)
    (8): Linear(in_features=512, out_features=256, bias=True)
    (9): BatchNorm1d(256, eps=1e-05, momentum=0.1, affine=True, track_running_stats=True)
    (10): ReLU()
    (11): Dropout(p=0.2, inplace=False)
    (12): Linear(in_features=256, out_features=128, bias=True)
    (13): Linear(in_features=128, out_features=10, bias=True)
  )
  (audio_output): Sequential(
    (0): Linear(in_features=128, out_features=128, bias=True)
    (1): Linear(in_features=128, out_features=10, bias=True)
  )
  (video_output): Sequential(
    (0): Linear(in_features=128, out_features=128, bias=True)
    (1): Linear(in_features=128, out_features=10, bias=True)
  )
)
-----------start training-----------
epoch 1
---------------------------------------------------------------------------------------------------
epoch 1 training loss:  1.6076757023411412 cv loss:  1.0298823614915211
best validation model found and saved.
---------------------------------------------------------------------------------------------------
epoch 2
---------------------------------------------------------------------------------------------------
epoch 2 training loss:  0.7176446467638016 cv loss:  0.6432082206010818
best validation model found and saved.
---------------------------------------------------------------------------------------------------
epoch 3
---------------------------------------------------------------------------------------------------
epoch 3 training loss:  0.37167624215925893 cv loss:  0.5028970415393511
best validation model found and saved.
---------------------------------------------------------------------------------------------------
epoch 4
---------------------------------------------------------------------------------------------------
epoch 4 training loss:  0.20156764659670093 cv loss:  0.47633183002471924
best validation model found and saved.
---------------------------------------------------------------------------------------------------
epoch 5
---------------------------------------------------------------------------------------------------
epoch 5 training loss:  0.11365157894549831 cv loss:  0.4481591234604518
best validation model found and saved.
---------------------------------------------------------------------------------------------------
epoch 6
---------------------------------------------------------------------------------------------------
epoch 6 training loss:  0.0667084599694898 cv loss:  0.47077131519714993
epoch 7
---------------------------------------------------------------------------------------------------
epoch 7 training loss:  0.04344833368856099 cv loss:  0.48722045371929806
epoch 8
---------------------------------------------------------------------------------------------------
epoch 8 training loss:  0.028755105581254728 cv loss:  0.5323604345321655
epoch 9
---------------------------------------------------------------------------------------------------
epoch 9 training loss:  0.020687134741174597 cv loss:  0.5218864846974611
epoch 10
---------------------------------------------------------------------------------------------------
epoch 10 training loss:  0.015990662238290234 cv loss:  0.5288924233367046
epoch 11
---------------------------------------------------------------------------------------------------
epoch 11 training loss:  0.015312998330280665 cv loss:  0.5258219403525194
epoch 12
---------------------------------------------------------------------------------------------------
epoch 12 training loss:  0.014919188354284532 cv loss:  0.52333053201437
epoch 13
---------------------------------------------------------------------------------------------------
epoch 13 training loss:  0.014846179604289992 cv loss:  0.525650393217802
epoch 14
---------------------------------------------------------------------------------------------------
epoch 14 training loss:  0.014308938471179816 cv loss:  0.5257762105514606
epoch 15
---------------------------------------------------------------------------------------------------
epoch 15 training loss:  0.014314605373769038 cv loss:  0.521457955862085
epoch 16
---------------------------------------------------------------------------------------------------
epoch 16 training loss:  0.013723775166116895 cv loss:  0.5358801074326038
epoch 17
---------------------------------------------------------------------------------------------------
epoch 17 training loss:  0.013943008868204008 cv loss:  0.5300762510548035
epoch 18
---------------------------------------------------------------------------------------------------
epoch 18 training loss:  0.01363736352012042 cv loss:  0.5292144852379957
epoch 19
---------------------------------------------------------------------------------------------------
epoch 19 training loss:  0.01399478585188908 cv loss:  0.525241540124019
epoch 20
---------------------------------------------------------------------------------------------------
epoch 20 training loss:  0.013985760765330445 cv loss:  0.5252121482044458
epoch 21
---------------------------------------------------------------------------------------------------
epoch 21 training loss:  0.01399462366656911 cv loss:  0.5210736530522505
epoch 22
---------------------------------------------------------------------------------------------------
epoch 22 training loss:  0.013729513352436403 cv loss:  0.5335693117231131
epoch 23
---------------------------------------------------------------------------------------------------
epoch 23 training loss:  0.01395811474010829 cv loss:  0.5369901582598686
epoch 24
---------------------------------------------------------------------------------------------------
epoch 24 training loss:  0.014046161060011195 cv loss:  0.5307498276233673
epoch 25
---------------------------------------------------------------------------------------------------
epoch 25 training loss:  0.014053791415907683 cv loss:  0.5251594334840775
Finish loading indexes
