[2024-06-05 00:51:36] ---------------------------------------------------------------------------------------------------
[2024-06-05 00:51:36] | epoch   1 | time: 65.38s | training loss  1.61 |
[2024-06-05 00:51:37] | epoch   1 | time:  1.34s | cv loss  1.03 | cv accuracy:  0.65 |
[2024-06-05 00:51:37] ---------------------------------------------------------------------------------------------------
[2024-06-05 00:51:48] ---------------------------------------------------------------------------------------------------
[2024-06-05 00:51:48] | epoch   2 | time: 10.56s | training loss  0.72 |
[2024-06-05 00:51:49] | epoch   2 | time:  1.29s | cv loss  0.64 | cv accuracy:  0.76 |
[2024-06-05 00:51:49] ---------------------------------------------------------------------------------------------------
[2024-06-05 00:52:00] ---------------------------------------------------------------------------------------------------
[2024-06-05 00:52:00] | epoch   3 | time: 11.18s | training loss  0.37 |
[2024-06-05 00:52:02] | epoch   3 | time:  1.31s | cv loss  0.50 | cv accuracy:  0.80 |
[2024-06-05 00:52:02] ---------------------------------------------------------------------------------------------------
[2024-06-05 00:52:13] ---------------------------------------------------------------------------------------------------
[2024-06-05 00:52:13] | epoch   4 | time: 11.22s | training loss  0.20 |
[2024-06-05 00:52:14] | epoch   4 | time:  1.31s | cv loss  0.48 | cv accuracy:  0.79 |
[2024-06-05 00:52:14] ---------------------------------------------------------------------------------------------------
[2024-06-05 00:52:25] ---------------------------------------------------------------------------------------------------
[2024-06-05 00:52:25] | epoch   5 | time: 10.95s | training loss  0.11 |
[2024-06-05 00:52:27] | epoch   5 | time:  1.39s | cv loss  0.45 | cv accuracy:  0.81 |
[2024-06-05 00:52:27] ---------------------------------------------------------------------------------------------------
[2024-06-05 00:52:38] ---------------------------------------------------------------------------------------------------
[2024-06-05 00:52:38] | epoch   6 | time: 11.02s | training loss  0.07 |
[2024-06-05 00:52:39] | epoch   6 | time:  1.36s | cv loss  0.47 | cv accuracy:  0.80 |
[2024-06-05 00:52:39] ---------------------------------------------------------------------------------------------------
[2024-06-05 00:52:50] ---------------------------------------------------------------------------------------------------
[2024-06-05 00:52:50] | epoch   7 | time: 10.97s | training loss  0.04 |
[2024-06-05 00:52:52] | epoch   7 | time:  1.45s | cv loss  0.49 | cv accuracy:  0.80 |
[2024-06-05 00:52:52] ---------------------------------------------------------------------------------------------------
[2024-06-05 00:53:03] ---------------------------------------------------------------------------------------------------
[2024-06-05 00:53:03] | epoch   8 | time: 10.90s | training loss  0.03 |
[2024-06-05 00:53:04] | epoch   8 | time:  1.46s | cv loss  0.53 | cv accuracy:  0.79 |
[2024-06-05 00:53:04] ---------------------------------------------------------------------------------------------------
[2024-06-05 00:53:15] ---------------------------------------------------------------------------------------------------
[2024-06-05 00:53:15] | epoch   9 | time: 10.85s | training loss  0.02 |
[2024-06-05 00:53:16] | epoch   9 | time:  1.31s | cv loss  0.52 | cv accuracy:  0.79 |
[2024-06-05 00:53:16] ---------------------------------------------------------------------------------------------------
[2024-06-05 00:53:27] ---------------------------------------------------------------------------------------------------
[2024-06-05 00:53:27] | epoch  10 | time: 10.77s | training loss  0.02 |
[2024-06-05 00:53:28] | epoch  10 | time:  1.22s | cv loss  0.53 | cv accuracy:  0.79 |
[2024-06-05 00:53:28] ---------------------------------------------------------------------------------------------------
[2024-06-05 00:53:40] ---------------------------------------------------------------------------------------------------
[2024-06-05 00:53:40] | epoch  11 | time: 11.57s | training loss  0.02 |
[2024-06-05 00:53:41] | epoch  11 | time:  1.26s | cv loss  0.53 | cv accuracy:  0.79 |
[2024-06-05 00:53:41] ---------------------------------------------------------------------------------------------------
[2024-06-05 00:53:52] ---------------------------------------------------------------------------------------------------
[2024-06-05 00:53:52] | epoch  12 | time: 11.01s | training loss  0.01 |
[2024-06-05 00:53:53] | epoch  12 | time:  1.41s | cv loss  0.52 | cv accuracy:  0.79 |
[2024-06-05 00:53:53] ---------------------------------------------------------------------------------------------------
[2024-06-05 00:54:06] ---------------------------------------------------------------------------------------------------
[2024-06-05 00:54:06] | epoch  13 | time: 12.09s | training loss  0.01 |
[2024-06-05 00:54:07] | epoch  13 | time:  1.19s | cv loss  0.53 | cv accuracy:  0.79 |
[2024-06-05 00:54:07] ---------------------------------------------------------------------------------------------------
[2024-06-05 00:54:18] ---------------------------------------------------------------------------------------------------
[2024-06-05 00:54:18] | epoch  14 | time: 10.92s | training loss  0.01 |
[2024-06-05 00:54:19] | epoch  14 | time:  1.35s | cv loss  0.53 | cv accuracy:  0.80 |
[2024-06-05 00:54:19] ---------------------------------------------------------------------------------------------------
[2024-06-05 00:54:30] ---------------------------------------------------------------------------------------------------
[2024-06-05 00:54:30] | epoch  15 | time: 10.95s | training loss  0.01 |
[2024-06-05 00:54:31] | epoch  15 | time:  1.33s | cv loss  0.52 | cv accuracy:  0.79 |
[2024-06-05 00:54:31] ---------------------------------------------------------------------------------------------------
[2024-06-05 00:54:41] ---------------------------------------------------------------------------------------------------
[2024-06-05 00:54:41] | epoch  16 | time: 10.17s | training loss  0.01 |
[2024-06-05 00:54:43] | epoch  16 | time:  1.36s | cv loss  0.54 | cv accuracy:  0.78 |
[2024-06-05 00:54:43] ---------------------------------------------------------------------------------------------------
[2024-06-05 00:54:54] ---------------------------------------------------------------------------------------------------
[2024-06-05 00:54:54] | epoch  17 | time: 10.69s | training loss  0.01 |
[2024-06-05 00:54:55] | epoch  17 | time:  1.31s | cv loss  0.53 | cv accuracy:  0.79 |
[2024-06-05 00:54:55] ---------------------------------------------------------------------------------------------------
[2024-06-05 00:55:06] ---------------------------------------------------------------------------------------------------
[2024-06-05 00:55:06] | epoch  18 | time: 11.04s | training loss  0.01 |
[2024-06-05 00:55:07] | epoch  18 | time:  1.42s | cv loss  0.53 | cv accuracy:  0.79 |
[2024-06-05 00:55:07] ---------------------------------------------------------------------------------------------------
[2024-06-05 00:55:19] ---------------------------------------------------------------------------------------------------
[2024-06-05 00:55:19] | epoch  19 | time: 11.17s | training loss  0.01 |
[2024-06-05 00:55:20] | epoch  19 | time:  1.33s | cv loss  0.53 | cv accuracy:  0.79 |
[2024-06-05 00:55:20] ---------------------------------------------------------------------------------------------------
[2024-06-05 00:55:31] ---------------------------------------------------------------------------------------------------
[2024-06-05 00:55:31] | epoch  20 | time: 11.05s | training loss  0.01 |
[2024-06-05 00:55:32] | epoch  20 | time:  1.43s | cv loss  0.53 | cv accuracy:  0.79 |
[2024-06-05 00:55:32] ---------------------------------------------------------------------------------------------------
[2024-06-05 00:55:44] ---------------------------------------------------------------------------------------------------
[2024-06-05 00:55:44] | epoch  21 | time: 11.94s | training loss  0.01 |
[2024-06-05 00:55:46] | epoch  21 | time:  1.55s | cv loss  0.52 | cv accuracy:  0.79 |
[2024-06-05 00:55:46] ---------------------------------------------------------------------------------------------------
[2024-06-05 00:55:57] ---------------------------------------------------------------------------------------------------
[2024-06-05 00:55:57] | epoch  22 | time: 11.10s | training loss  0.01 |
[2024-06-05 00:55:58] | epoch  22 | time:  1.33s | cv loss  0.53 | cv accuracy:  0.79 |
[2024-06-05 00:55:58] ---------------------------------------------------------------------------------------------------
[2024-06-05 00:56:09] ---------------------------------------------------------------------------------------------------
[2024-06-05 00:56:09] | epoch  23 | time: 11.11s | training loss  0.01 |
[2024-06-05 00:56:11] | epoch  23 | time:  1.34s | cv loss  0.54 | cv accuracy:  0.79 |
[2024-06-05 00:56:11] ---------------------------------------------------------------------------------------------------
[2024-06-05 00:56:22] ---------------------------------------------------------------------------------------------------
[2024-06-05 00:56:22] | epoch  24 | time: 10.99s | training loss  0.01 |
[2024-06-05 00:56:23] | epoch  24 | time:  1.44s | cv loss  0.53 | cv accuracy:  0.79 |
[2024-06-05 00:56:23] ---------------------------------------------------------------------------------------------------
[2024-06-05 00:56:34] ---------------------------------------------------------------------------------------------------
[2024-06-05 00:56:34] | epoch  25 | time: 10.96s | training loss  0.01 |
[2024-06-05 00:56:36] | epoch  25 | time:  1.31s | cv loss  0.53 | cv accuracy:  0.79 |
[2024-06-05 00:56:36] ---------------------------------------------------------------------------------------------------
