[2024-06-05 00:37:20] ---------------------------------------------------------------------------------------------------
[2024-06-05 00:37:20] | epoch   1 | time: 10.56s | training loss  1.57 |
[2024-06-05 00:37:21] | epoch   1 | time:  1.21s | cv loss  1.02 | cv accuracy:  0.66 |
[2024-06-05 00:37:21] ---------------------------------------------------------------------------------------------------
[2024-06-05 00:37:32] ---------------------------------------------------------------------------------------------------
[2024-06-05 00:37:32] | epoch   2 | time: 10.61s | training loss  0.71 |
[2024-06-05 00:37:33] | epoch   2 | time:  1.39s | cv loss  0.65 | cv accuracy:  0.76 |
[2024-06-05 00:37:33] ---------------------------------------------------------------------------------------------------
[2024-06-05 00:37:44] ---------------------------------------------------------------------------------------------------
[2024-06-05 00:37:44] | epoch   3 | time: 10.75s | training loss  0.38 |
[2024-06-05 00:37:45] | epoch   3 | time:  1.22s | cv loss  0.52 | cv accuracy:  0.80 |
[2024-06-05 00:37:45] ---------------------------------------------------------------------------------------------------
[2024-06-05 00:37:56] ---------------------------------------------------------------------------------------------------
[2024-06-05 00:37:56] | epoch   4 | time: 10.54s | training loss  0.21 |
[2024-06-05 00:37:57] | epoch   4 | time:  1.23s | cv loss  0.48 | cv accuracy:  0.79 |
[2024-06-05 00:37:57] ---------------------------------------------------------------------------------------------------
[2024-06-05 00:38:08] ---------------------------------------------------------------------------------------------------
[2024-06-05 00:38:08] | epoch   5 | time: 10.63s | training loss  0.12 |
[2024-06-05 00:38:09] | epoch   5 | time:  1.29s | cv loss  0.45 | cv accuracy:  0.81 |
[2024-06-05 00:38:09] ---------------------------------------------------------------------------------------------------
[2024-06-05 00:38:20] ---------------------------------------------------------------------------------------------------
[2024-06-05 00:38:20] | epoch   6 | time: 10.58s | training loss  0.07 |
[2024-06-05 00:38:21] | epoch   6 | time:  1.22s | cv loss  0.48 | cv accuracy:  0.79 |
[2024-06-05 00:38:21] ---------------------------------------------------------------------------------------------------
[2024-06-05 00:38:31] ---------------------------------------------------------------------------------------------------
[2024-06-05 00:38:31] | epoch   7 | time: 10.47s | training loss  0.05 |
[2024-06-05 00:38:33] | epoch   7 | time:  1.27s | cv loss  0.49 | cv accuracy:  0.80 |
[2024-06-05 00:38:33] ---------------------------------------------------------------------------------------------------
[2024-06-05 00:38:44] ---------------------------------------------------------------------------------------------------
[2024-06-05 00:38:44] | epoch   8 | time: 11.79s | training loss  0.03 |
[2024-06-05 00:38:46] | epoch   8 | time:  1.37s | cv loss  0.53 | cv accuracy:  0.80 |
[2024-06-05 00:38:46] ---------------------------------------------------------------------------------------------------
[2024-06-05 00:38:57] ---------------------------------------------------------------------------------------------------
[2024-06-05 00:38:57] | epoch   9 | time: 11.24s | training loss  0.02 |
[2024-06-05 00:38:58] | epoch   9 | time:  1.18s | cv loss  0.52 | cv accuracy:  0.79 |
[2024-06-05 00:38:58] ---------------------------------------------------------------------------------------------------
[2024-06-05 00:39:09] ---------------------------------------------------------------------------------------------------
[2024-06-05 00:39:09] | epoch  10 | time: 10.36s | training loss  0.02 |
[2024-06-05 00:39:10] | epoch  10 | time:  1.26s | cv loss  0.52 | cv accuracy:  0.80 |
[2024-06-05 00:39:10] ---------------------------------------------------------------------------------------------------
[2024-06-05 00:39:21] ---------------------------------------------------------------------------------------------------
[2024-06-05 00:39:21] | epoch  11 | time: 10.75s | training loss  0.02 |
[2024-06-05 00:39:22] | epoch  11 | time:  1.16s | cv loss  0.52 | cv accuracy:  0.79 |
[2024-06-05 00:39:22] ---------------------------------------------------------------------------------------------------
[2024-06-05 00:39:32] ---------------------------------------------------------------------------------------------------
[2024-06-05 00:39:32] | epoch  12 | time: 10.43s | training loss  0.02 |
[2024-06-05 00:39:33] | epoch  12 | time:  1.21s | cv loss  0.52 | cv accuracy:  0.79 |
[2024-06-05 00:39:33] ---------------------------------------------------------------------------------------------------
[2024-06-05 00:39:44] ---------------------------------------------------------------------------------------------------
[2024-06-05 00:39:44] | epoch  13 | time: 10.68s | training loss  0.02 |
[2024-06-05 00:39:45] | epoch  13 | time:  1.22s | cv loss  0.52 | cv accuracy:  0.79 |
[2024-06-05 00:39:45] ---------------------------------------------------------------------------------------------------
[2024-06-05 00:39:57] ---------------------------------------------------------------------------------------------------
[2024-06-05 00:39:57] | epoch  14 | time: 11.27s | training loss  0.02 |
[2024-06-05 00:39:58] | epoch  14 | time:  1.18s | cv loss  0.52 | cv accuracy:  0.80 |
[2024-06-05 00:39:58] ---------------------------------------------------------------------------------------------------
[2024-06-05 00:40:09] ---------------------------------------------------------------------------------------------------
[2024-06-05 00:40:09] | epoch  15 | time: 11.54s | training loss  0.02 |
[2024-06-05 00:40:11] | epoch  15 | time:  1.29s | cv loss  0.52 | cv accuracy:  0.80 |
[2024-06-05 00:40:11] ---------------------------------------------------------------------------------------------------
[2024-06-05 00:40:21] ---------------------------------------------------------------------------------------------------
[2024-06-05 00:40:21] | epoch  16 | time: 10.54s | training loss  0.02 |
[2024-06-05 00:40:22] | epoch  16 | time:  1.21s | cv loss  0.53 | cv accuracy:  0.79 |
[2024-06-05 00:40:22] ---------------------------------------------------------------------------------------------------
[2024-06-05 00:40:33] ---------------------------------------------------------------------------------------------------
[2024-06-05 00:40:33] | epoch  17 | time: 10.46s | training loss  0.02 |
[2024-06-05 00:40:34] | epoch  17 | time:  1.32s | cv loss  0.53 | cv accuracy:  0.80 |
[2024-06-05 00:40:34] ---------------------------------------------------------------------------------------------------
[2024-06-05 00:40:45] ---------------------------------------------------------------------------------------------------
[2024-06-05 00:40:45] | epoch  18 | time: 10.45s | training loss  0.02 |
[2024-06-05 00:40:46] | epoch  18 | time:  1.18s | cv loss  0.53 | cv accuracy:  0.79 |
[2024-06-05 00:40:46] ---------------------------------------------------------------------------------------------------
[2024-06-05 00:40:56] ---------------------------------------------------------------------------------------------------
[2024-06-05 00:40:56] | epoch  19 | time: 10.54s | training loss  0.02 |
[2024-06-05 00:40:58] | epoch  19 | time:  1.18s | cv loss  0.52 | cv accuracy:  0.79 |
[2024-06-05 00:40:58] ---------------------------------------------------------------------------------------------------
[2024-06-05 00:41:09] ---------------------------------------------------------------------------------------------------
[2024-06-05 00:41:09] | epoch  20 | time: 11.85s | training loss  0.02 |
[2024-06-05 00:41:11] | epoch  20 | time:  1.20s | cv loss  0.52 | cv accuracy:  0.79 |
[2024-06-05 00:41:11] ---------------------------------------------------------------------------------------------------
[2024-06-05 00:41:21] ---------------------------------------------------------------------------------------------------
[2024-06-05 00:41:21] | epoch  21 | time: 10.23s | training loss  0.02 |
[2024-06-05 00:41:22] | epoch  21 | time:  1.20s | cv loss  0.52 | cv accuracy:  0.80 |
[2024-06-05 00:41:22] ---------------------------------------------------------------------------------------------------
[2024-06-05 00:41:34] ---------------------------------------------------------------------------------------------------
[2024-06-05 00:41:34] | epoch  22 | time: 11.69s | training loss  0.02 |
[2024-06-05 00:41:35] | epoch  22 | time:  1.31s | cv loss  0.53 | cv accuracy:  0.80 |
[2024-06-05 00:41:35] ---------------------------------------------------------------------------------------------------
[2024-06-05 00:41:45] ---------------------------------------------------------------------------------------------------
[2024-06-05 00:41:45] | epoch  23 | time: 10.20s | training loss  0.02 |
[2024-06-05 00:41:47] | epoch  23 | time:  1.26s | cv loss  0.53 | cv accuracy:  0.80 |
[2024-06-05 00:41:47] ---------------------------------------------------------------------------------------------------
[2024-06-05 00:41:57] ---------------------------------------------------------------------------------------------------
[2024-06-05 00:41:57] | epoch  24 | time: 10.29s | training loss  0.02 |
[2024-06-05 00:41:58] | epoch  24 | time:  1.34s | cv loss  0.53 | cv accuracy:  0.79 |
[2024-06-05 00:41:58] ---------------------------------------------------------------------------------------------------
[2024-06-05 00:42:09] ---------------------------------------------------------------------------------------------------
[2024-06-05 00:42:09] | epoch  25 | time: 10.71s | training loss  0.02 |
[2024-06-05 00:42:10] | epoch  25 | time:  1.33s | cv loss  0.52 | cv accuracy:  0.79 |
[2024-06-05 00:42:10] ---------------------------------------------------------------------------------------------------
