[2024-06-08 16:46:50] Storing files in experiments/Crnn1/2024-06-08_16-46-06_a6109228257311ef93815cff35c18842
[2024-06-08 16:46:50] batch_size: 64
[2024-06-08 16:46:50] data:
[2024-06-08 16:46:50]   class_indice_file: data/metadata/class_label_indices.txt
[2024-06-08 16:46:50]   feature: data/dev/feature.csv
[2024-06-08 16:46:50]   label: data/dev/label.csv
[2024-06-08 16:46:50]   stratified: true
[2024-06-08 16:46:50] dataloader_args:
[2024-06-08 16:46:50]   batch_size: 64
[2024-06-08 16:46:50]   num_workers: 1
[2024-06-08 16:46:50] early_stop: 7
[2024-06-08 16:46:50] epochs: 100
[2024-06-08 16:46:50] eval_data:
[2024-06-08 16:46:50]   feature: data/eval/feature.csv
[2024-06-08 16:46:50]   label: data/eval/label.csv
[2024-06-08 16:46:50] loss: BceLoss
[2024-06-08 16:46:50] model:
[2024-06-08 16:46:50]   args: {}
[2024-06-08 16:46:50]   type: Crnn1
[2024-06-08 16:46:50] num_workers: 2
[2024-06-08 16:46:50] optimizer:
[2024-06-08 16:46:50]   args:
[2024-06-08 16:46:50]     lr: 0.001
[2024-06-08 16:46:50]   type: AdamW
[2024-06-08 16:46:50] outputpath: experiments/
[2024-06-08 16:46:50] scheduler_args:
[2024-06-08 16:46:50]   factor: 0.1
[2024-06-08 16:46:50]   patience: 3
[2024-06-08 16:46:50] 
[2024-06-08 16:46:50] Running on device cuda
[2024-06-08 16:46:51] AdamW (
[2024-06-08 16:46:51] Parameter Group 0
[2024-06-08 16:46:51]     amsgrad: False
[2024-06-08 16:46:51]     betas: (0.9, 0.999)
[2024-06-08 16:46:51]     capturable: False
[2024-06-08 16:46:51]     differentiable: False
[2024-06-08 16:46:51]     eps: 1e-08
[2024-06-08 16:46:51]     foreach: None
[2024-06-08 16:46:51]     fused: None
[2024-06-08 16:46:51]     lr: 0.001
[2024-06-08 16:46:51]     maximize: False
[2024-06-08 16:46:51]     weight_decay: 0.01
[2024-06-08 16:46:51] )
[2024-06-08 16:46:51] Crnn1(
[2024-06-08 16:46:51]   (bn0): BatchNorm2d(64, eps=1e-05, momentum=0.1, affine=True, track_running_stats=True)
[2024-06-08 16:46:51]   (bn1): BatchNorm2d(16, eps=1e-05, momentum=0.1, affine=True, track_running_stats=True)
[2024-06-08 16:46:51]   (bn2): BatchNorm2d(32, eps=1e-05, momentum=0.1, affine=True, track_running_stats=True)
[2024-06-08 16:46:51]   (bn3): BatchNorm2d(64, eps=1e-05, momentum=0.1, affine=True, track_running_stats=True)
[2024-06-08 16:46:51]   (bn4): BatchNorm2d(128, eps=1e-05, momentum=0.1, affine=True, track_running_stats=True)
[2024-06-08 16:46:51]   (conv1): Conv2d(1, 16, kernel_size=(3, 3), stride=(1, 1), padding=(1, 1), bias=False)
[2024-06-08 16:46:51]   (conv2): Conv2d(16, 32, kernel_size=(3, 3), stride=(1, 1), padding=(1, 1), bias=False)
[2024-06-08 16:46:51]   (conv3): Conv2d(32, 64, kernel_size=(3, 3), stride=(1, 1), padding=(1, 1), bias=False)
[2024-06-08 16:46:51]   (conv4): Conv2d(64, 128, kernel_size=(3, 3), stride=(1, 1), padding=(1, 1), bias=False)
[2024-06-08 16:46:51]   (bigru): GRU(512, 128, batch_first=True, bidirectional=True)
[2024-06-08 16:46:51]   (fc): Linear(in_features=256, out_features=10, bias=True)
[2024-06-08 16:46:51]   (relu): ReLU()
[2024-06-08 16:46:51] )
[2024-06-08 16:46:54] Epoch 1   training_loss: 0.38  val_loss: 0.36  precision: 0.09  recall: 0.04  f1: 0.06
[2024-06-08 16:46:56] Epoch 2   training_loss: 0.29  val_loss: 0.28  precision: 0.30  recall: 0.15  f1: 0.19
[2024-06-08 16:46:58] Epoch 3   training_loss: 0.27  val_loss: 0.26  precision: 0.44  recall: 0.26  f1: 0.29
[2024-06-08 16:46:59] Epoch 4   training_loss: 0.24  val_loss: 0.25  precision: 0.65  recall: 0.33  f1: 0.41
[2024-06-08 16:47:01] Epoch 5   training_loss: 0.22  val_loss: 0.26  precision: 0.63  recall: 0.31  f1: 0.37
[2024-06-08 16:47:03] Epoch 6   training_loss: 0.20  val_loss: 0.22  precision: 0.72  recall: 0.35  f1: 0.44
[2024-06-08 16:47:05] Epoch 7   training_loss: 0.18  val_loss: 0.21  precision: 0.75  recall: 0.43  f1: 0.51
[2024-06-08 16:47:07] Epoch 8   training_loss: 0.17  val_loss: 0.21  precision: 0.83  recall: 0.47  f1: 0.57
[2024-06-08 16:47:09] Epoch 9   training_loss: 0.16  val_loss: 0.19  precision: 0.69  recall: 0.52  f1: 0.57
[2024-06-08 16:47:11] Epoch 10   training_loss: 0.15  val_loss: 0.18  precision: 0.81  recall: 0.53  f1: 0.62
[2024-06-08 16:47:13] Epoch 11   training_loss: 0.14  val_loss: 0.22  precision: 0.84  recall: 0.49  f1: 0.55
[2024-06-08 16:47:15] Epoch 12   training_loss: 0.13  val_loss: 0.18  precision: 0.84  recall: 0.55  f1: 0.65
[2024-06-08 16:47:17] Epoch 13   training_loss: 0.12  val_loss: 0.22  precision: 0.73  recall: 0.59  f1: 0.61
[2024-06-08 16:47:19] Epoch 14   training_loss: 0.12  val_loss: 0.16  precision: 0.79  recall: 0.53  f1: 0.61
[2024-06-08 16:47:21] Epoch 15   training_loss: 0.11  val_loss: 0.18  precision: 0.75  recall: 0.59  f1: 0.64
[2024-06-08 16:47:23] Epoch 16   training_loss: 0.10  val_loss: 0.21  precision: 0.83  recall: 0.59  f1: 0.66
[2024-06-08 16:47:24] Epoch 17   training_loss: 0.10  val_loss: 0.19  precision: 0.70  recall: 0.61  f1: 0.64
[2024-06-08 16:47:26] Epoch 18   training_loss: 0.09  val_loss: 0.16  precision: 0.80  recall: 0.68  f1: 0.74
[2024-06-08 16:47:28] Epoch 19   training_loss: 0.08  val_loss: 0.17  precision: 0.80  recall: 0.72  f1: 0.75
[2024-06-08 16:47:30] Epoch 20   training_loss: 0.07  val_loss: 0.16  precision: 0.77  recall: 0.61  f1: 0.65
[2024-06-08 16:47:32] Epoch 21   training_loss: 0.07  val_loss: 0.18  precision: 0.72  recall: 0.66  f1: 0.67
[2024-06-08 16:47:34] Epoch 22   training_loss: 0.06  val_loss: 0.17  precision: 0.79  recall: 0.67  f1: 0.72
[2024-06-08 16:47:36] Epoch 23   training_loss: 0.06  val_loss: 0.16  precision: 0.81  recall: 0.66  f1: 0.71
[2024-06-08 16:47:38] Epoch 24   training_loss: 0.06  val_loss: 0.18  precision: 0.77  recall: 0.73  f1: 0.74
[2024-06-08 16:47:40] Epoch 25   training_loss: 0.04  val_loss: 0.16  precision: 0.82  recall: 0.72  f1: 0.76
[2024-06-08 16:47:42] Epoch 26   training_loss: 0.04  val_loss: 0.16  precision: 0.83  recall: 0.73  f1: 0.77
[2024-06-08 16:47:43] Epoch 27   training_loss: 0.04  val_loss: 0.16  precision: 0.80  recall: 0.74  f1: 0.76
